[TRACE] 2022-04-10 21:18:38.135 [main] Log4jDemo - This is trace Message
[TRACE] 2022-04-10 21:18:38.135 [main] Log4jDemo - This is trace Message
[INFO ] 2022-04-10 21:18:38.139 [main] Log4jDemo - This info Message
[INFO ] 2022-04-10 21:18:38.139 [main] Log4jDemo - This info Message
[ERROR] 2022-04-10 21:18:38.140 [main] Log4jDemo - This is Error Message
[ERROR] 2022-04-10 21:18:38.140 [main] Log4jDemo - This is Error Message
[WARN ] 2022-04-10 21:18:38.140 [main] Log4jDemo - This is warning meMessagessage
[WARN ] 2022-04-10 21:18:38.140 [main] Log4jDemo - This is warning meMessagessage
[FATAL] 2022-04-10 21:18:38.140 [main] Log4jDemo - This is fatal Message
[FATAL] 2022-04-10 21:18:38.140 [main] Log4jDemo - This is fatal Message
[TRACE] 2022-04-10 21:19:20.923 [main] Log4jDemo - This is trace Message
[TRACE] 2022-04-10 21:19:20.923 [main] Log4jDemo - This is trace Message
[INFO ] 2022-04-10 21:19:20.929 [main] Log4jDemo - This info Message
[INFO ] 2022-04-10 21:19:20.929 [main] Log4jDemo - This info Message
[ERROR] 2022-04-10 21:19:20.930 [main] Log4jDemo - This is Error Message
[ERROR] 2022-04-10 21:19:20.930 [main] Log4jDemo - This is Error Message
[WARN ] 2022-04-10 21:19:20.930 [main] Log4jDemo - This is warning meMessagessage
[WARN ] 2022-04-10 21:19:20.930 [main] Log4jDemo - This is warning meMessagessage
[FATAL] 2022-04-10 21:19:20.930 [main] Log4jDemo - This is fatal Message
[FATAL] 2022-04-10 21:19:20.930 [main] Log4jDemo - This is fatal Message
